<?xml version="1.0" encoding="UTF-8"?>
<!-- Generated by org.testng.reporters.JUnitReportReporter -->
<testsuite hostname="LP001217" failures="1" tests="3" name="parallel.ParallelRun" time="41.510" errors="0" timestamp="12 Sep 2021 14:19:14 GMT" skipped="0">
  <testcase classname="parallel.ParallelRun" name="runScenario" time="13.771"/>
  <testcase classname="parallel.ParallelRun" name="runScenario" time="13.471"/>
  <testcase classname="parallel.ParallelRun" name="runScenario" time="14.268">
    <failure type="java.lang.AssertionError">
      <![CDATA[java.lang.AssertionError
at org.junit.Assert.fail(Assert.java:87)
at org.junit.Assert.assertTrue(Assert.java:42)
at org.junit.Assert.assertTrue(Assert.java:53)
at parallel.LoginPageSteps.page_title_should_be(LoginPageSteps.java:30)
at âœ½.page title should be "My account - My Store"(classpath:parallel/LoginPage.feature:19)
]]>
    </failure>
  </testcase> <!-- runScenario -->
</testsuite> <!-- parallel.ParallelRun -->
